0	1	mikroCPIC32.exe -MSF -DBG -pP32MX795F512L -DL -SSA -EBASE 0x9FC01000 -INTDEF MV_SRS7_IS32 -O11111114 -fo80 -N"C:\Users\Viktor\Desktop\Klikovi\ECG2_click\Release\PIC32\ecg2_click_example.mcp32" -SP"C:\C4W\Mikroelektronika\mikroC PRO for PIC32\Defs\" -SP"C:\C4W\Mikroelektronika\mikroC PRO for PIC32\Uses\" -SP"C:\Users\Viktor\Desktop\Klikovi\ECG2_click\Release\PIC32\" -IP"C:\Users\Viktor\Desktop\Klikovi\ECG2_click\Release\PIC32\" "ecg2_click_example.c" "ecg2_hal.c" "ecg2_hw.c" "__Lib_CP0.emcl" "__Lib_Math.emcl" "__Lib_MathDouble.emcl" "__Lib_System.emcl" "__Lib_SoftResetDma.emcl" "__Lib_Delays.emcl" "__Lib_CType.emcl" "__Lib_CString.emcl" "__Lib_Conversions.emcl" "__Lib_Sprintf.emcl" "__Lib_SPI_1234.emcl" "__Lib_UART_123456.emcl"	 
diagnostics: 0	122	Compilation Started	__Lib_Delays.c
diagnostics: 148	123	Compiled Successfully	__Lib_Delays.c
diagnostics: 0	122	Compilation Started	stdint.h
hint: 152	1163	Variable 'testread' has been declared, but not used	ecg2_click_example.c
diagnostics: 220	123	Compiled Successfully	ecg2_click_example.c
diagnostics: 0	122	Compilation Started	stdint.h
diagnostics: 157	123	Compiled Successfully	ecg2_hal.c
diagnostics: 0	122	Compilation Started	stdint.h
warning: 139	1503	Result is not defined in function: 'ecg2_rld_sense_enable'	ecg2_hw.c
warning: 406	1503	Result is not defined in function: 'ecg2_pace_detect_buffer_enable'	ecg2_hw.c
diagnostics: 439	123	Compiled Successfully	ecg2_hw.c
diagnostics: 0	127	All files Compiled in 156 ms	 
hint: 0	1144	Used RX: 31 (97%)   Free RX: 1 (3%)	Used RX: 31 (97%)   Free RX: 1 (3%)
hint: 0	1144	Static RAM (bytes): 119   Dynamic RAM (bytes): 130949	Static RAM (bytes): 119   Dynamic RAM (bytes): 130949
hint: 0	1144	Used ROM (bytes): 20104 (4%)  Free ROM (bytes): 504184 (96%)	Used ROM (bytes): 20104 (4%)  Free ROM (bytes): 504184 (96%)
hint: 0	1144	Used BOOTROM (bytes): 320 (3%)  Free BOOTROM (bytes): 11953 (97%)	Used BOOTROM (bytes): 320 (3%)  Free BOOTROM (bytes): 11953 (97%)
diagnostics: 0	125	Project Linked Successfully	ecg2_click_example.mcp32
hint: 225	1004	Possible stack overflow: recursion or cross-calling detected.	__Lib_SPI_1234.c
diagnostics: 0	128	Linked in 203 ms	 
diagnostics: 0	129	Project 'ecg2_click_example.mcp32' completed: 531 ms	 
diagnostics: 0	103	Finished successfully: 11 Jan 2017, 14:21:22	ecg2_click_example.mcp32
